<?xml version="1.0" encoding="UTF-8"?>
<!-- Generated by org.testng.reporters.JUnitXMLReporter -->
<testsuite ignored="0" hostname="DESKTOP-K82IFAH" failures="1" tests="2" name="Test" time="10.164" errors="0" timestamp="2024-06-12T17:58:31 IST">
  <testcase classname="InvoiceTest" name="createInvoiceTest" time="0.044">
    <failure type="java.lang.AssertionError" message="expected [Login] but found [Administrator - Home - vtiger CRM 5 - Commercial Open Source CRM]">
      <![CDATA[java.lang.AssertionError: expected [Login] but found [Administrator - Home - vtiger CRM 5 - Commercial Open Source CRM]
at InvoiceTest.createInvoiceTest(InvoiceTest.java:13)
at java.base/java.util.ArrayList.forEach(ArrayList.java:1511)
... Removed 33 stack frames]]>
    </failure>
  </testcase> <!-- createInvoiceTest -->
  <testcase classname="InvoiceTest" name="createInvoiceWitjhContactTest" time="0.004"/>
</testsuite> <!-- Test -->
