<?xml version="1.0" encoding="UTF-8"?>
<testng-results ignored="0" total="2" passed="2" failed="0" skipped="0">
  <reporter-output>
  </reporter-output>
  <suite started-at="2024-06-03T22:20:56 IST" name="Default suite" finished-at="2024-06-03T22:23:44 IST" duration-ms="168231">
    <groups>
    </groups>
    <test started-at="2024-06-03T22:20:56 IST" name="Default test" finished-at="2024-06-03T22:23:44 IST" duration-ms="168231">
      <class name="comcastCrm.contactTest.CreateContactTest">
        <test-method is-config="true" signature="configBS()[pri:0, instance:comcastCrm.contactTest.CreateContactTest@18271936]" started-at="2024-06-03T22:20:51 IST" name="configBS" finished-at="2024-06-03T22:20:56 IST" duration-ms="4707" status="PASS">
          <reporter-output>
          </reporter-output>
        </test-method> <!-- configBS -->
        <test-method is-config="true" signature="configBC()[pri:0, instance:comcastCrm.contactTest.CreateContactTest@18271936]" started-at="2024-06-03T22:20:56 IST" name="configBC" finished-at="2024-06-03T22:22:29 IST" duration-ms="93272" status="PASS">
          <reporter-output>
          </reporter-output>
        </test-method> <!-- configBC -->
        <test-method is-config="true" signature="configBM()[pri:0, instance:comcastCrm.contactTest.CreateContactTest@18271936]" started-at="2024-06-03T22:22:29 IST" name="configBM" finished-at="2024-06-03T22:22:45 IST" duration-ms="15461" status="PASS">
          <reporter-output>
          </reporter-output>
        </test-method> <!-- configBM -->
        <test-method signature="createContact()[pri:0, instance:comcastCrm.contactTest.CreateContactTest@18271936]" started-at="2024-06-03T22:22:45 IST" name="createContact" finished-at="2024-06-03T22:23:12 IST" duration-ms="27677" status="PASS">
          <reporter-output>
          </reporter-output>
        </test-method> <!-- createContact -->
        <test-method is-config="true" signature="configAM()[pri:0, instance:comcastCrm.contactTest.CreateContactTest@18271936]" started-at="2024-06-03T22:23:12 IST" name="configAM" finished-at="2024-06-03T22:23:15 IST" duration-ms="2131" status="PASS">
          <reporter-output>
          </reporter-output>
        </test-method> <!-- configAM -->
        <test-method is-config="true" signature="configBM()[pri:0, instance:comcastCrm.contactTest.CreateContactTest@18271936]" started-at="2024-06-03T22:23:15 IST" name="configBM" finished-at="2024-06-03T22:23:18 IST" duration-ms="2942" status="PASS">
          <reporter-output>
          </reporter-output>
        </test-method> <!-- configBM -->
        <test-method signature="createContactwithDate()[pri:0, instance:comcastCrm.contactTest.CreateContactTest@18271936]" started-at="2024-06-03T22:23:18 IST" name="createContactwithDate" finished-at="2024-06-03T22:23:42 IST" duration-ms="24948" status="PASS">
          <reporter-output>
          </reporter-output>
        </test-method> <!-- createContactwithDate -->
        <test-method is-config="true" signature="configAM()[pri:0, instance:comcastCrm.contactTest.CreateContactTest@18271936]" started-at="2024-06-03T22:23:43 IST" name="configAM" finished-at="2024-06-03T22:23:44 IST" duration-ms="1314" status="PASS">
          <reporter-output>
          </reporter-output>
        </test-method> <!-- configAM -->
        <test-method is-config="true" signature="configAC()[pri:0, instance:comcastCrm.contactTest.CreateContactTest@18271936]" started-at="2024-06-03T22:23:44 IST" name="configAC" finished-at="2024-06-03T22:23:44 IST" duration-ms="424" status="PASS">
          <reporter-output>
          </reporter-output>
        </test-method> <!-- configAC -->
        <test-method is-config="true" signature="configAS()[pri:0, instance:comcastCrm.contactTest.CreateContactTest@18271936]" started-at="2024-06-03T22:23:44 IST" name="configAS" finished-at="2024-06-03T22:23:45 IST" duration-ms="461" status="PASS">
          <reporter-output>
          </reporter-output>
        </test-method> <!-- configAS -->
      </class> <!-- comcastCrm.contactTest.CreateContactTest -->
    </test> <!-- Default test -->
  </suite> <!-- Default suite -->
</testng-results>
